mode: set
github.com/eliseduverdier/cellular-automata-go/app/automata/cellular_automata.go:18.47,23.32 4 1
github.com/eliseduverdier/cellular-automata-go/app/automata/cellular_automata.go:26.2,26.15 1 1
github.com/eliseduverdier/cellular-automata-go/app/automata/cellular_automata.go:23.32,25.3 1 1
github.com/eliseduverdier/cellular-automata-go/app/automata/cellular_automata.go:30.56,36.2 1 1
github.com/eliseduverdier/cellular-automata-go/app/automata/cellular_automata.go:38.100,41.33 2 1
github.com/eliseduverdier/cellular-automata-go/app/automata/cellular_automata.go:46.2,46.16 1 1
github.com/eliseduverdier/cellular-automata-go/app/automata/cellular_automata.go:41.33,44.3 2 1
github.com/eliseduverdier/cellular-automata-go/app/automata/cellular_automata.go:49.108,54.19 2 1
github.com/eliseduverdier/cellular-automata-go/app/automata/cellular_automata.go:62.2,62.41 1 1
github.com/eliseduverdier/cellular-automata-go/app/automata/cellular_automata.go:66.2,69.12 3 1
github.com/eliseduverdier/cellular-automata-go/app/automata/cellular_automata.go:54.19,56.3 1 1
github.com/eliseduverdier/cellular-automata-go/app/automata/cellular_automata.go:56.8,56.36 1 1
github.com/eliseduverdier/cellular-automata-go/app/automata/cellular_automata.go:56.36,58.3 1 1
github.com/eliseduverdier/cellular-automata-go/app/automata/cellular_automata.go:58.8,60.3 1 1
github.com/eliseduverdier/cellular-automata-go/app/automata/cellular_automata.go:62.41,64.3 1 1
github.com/eliseduverdier/cellular-automata-go/app/automata/first_line.go:12.52,15.30 2 1
github.com/eliseduverdier/cellular-automata-go/app/automata/first_line.go:22.2,22.14 1 1
github.com/eliseduverdier/cellular-automata-go/app/automata/first_line.go:15.30,20.3 4 1
github.com/eliseduverdier/cellular-automata-go/app/automata/first_line.go:26.53,28.30 2 1
github.com/eliseduverdier/cellular-automata-go/app/automata/first_line.go:31.2,31.14 1 1
github.com/eliseduverdier/cellular-automata-go/app/automata/first_line.go:28.30,30.3 1 1
github.com/eliseduverdier/cellular-automata-go/app/automata/first_line.go:35.52,37.30 2 1
github.com/eliseduverdier/cellular-automata-go/app/automata/first_line.go:40.2,40.14 1 1
github.com/eliseduverdier/cellular-automata-go/app/automata/first_line.go:37.30,39.3 1 1
github.com/eliseduverdier/cellular-automata-go/app/automata/first_line.go:44.50,47.23 2 1
github.com/eliseduverdier/cellular-automata-go/app/automata/first_line.go:51.2,51.14 1 1
github.com/eliseduverdier/cellular-automata-go/app/automata/first_line.go:47.23,49.3 1 1
github.com/eliseduverdier/cellular-automata-go/app/automata/first_line.go:55.39,58.23 2 1
github.com/eliseduverdier/cellular-automata-go/app/automata/first_line.go:62.2,62.14 1 1
github.com/eliseduverdier/cellular-automata-go/app/automata/first_line.go:58.23,60.3 1 1
github.com/eliseduverdier/cellular-automata-go/app/automata/rule_generator.go:14.67,22.33 5 1
github.com/eliseduverdier/cellular-automata-go/app/automata/rule_generator.go:30.2,30.18 1 1
github.com/eliseduverdier/cellular-automata-go/app/automata/rule_generator.go:22.33,23.28 1 1
github.com/eliseduverdier/cellular-automata-go/app/automata/rule_generator.go:23.28,25.4 1 1
github.com/eliseduverdier/cellular-automata-go/app/automata/rule_generator.go:25.9,27.4 1 1
github.com/eliseduverdier/cellular-automata-go/app/automata/rule_generator.go:35.35,38.32 2 1
github.com/eliseduverdier/cellular-automata-go/app/automata/rule_generator.go:43.2,43.15 1 1
github.com/eliseduverdier/cellular-automata-go/app/automata/rule_generator.go:38.32,41.3 2 1
github.com/eliseduverdier/cellular-automata-go/app/automata/rule_generator.go:47.58,49.2 1 1
github.com/eliseduverdier/cellular-automata-go/app/automata/rule_generator.go:52.45,54.2 1 1
github.com/eliseduverdier/cellular-automata-go/app/renderer/image_renderer.go:10.103,34.30 7 1
github.com/eliseduverdier/cellular-automata-go/app/renderer/image_renderer.go:40.2,40.36 1 1
github.com/eliseduverdier/cellular-automata-go/app/renderer/image_renderer.go:34.30,35.30 1 1
github.com/eliseduverdier/cellular-automata-go/app/renderer/image_renderer.go:35.30,37.4 1 1
github.com/eliseduverdier/cellular-automata-go/app/renderer/image_renderer.go:44.51,46.2 1 1
github.com/eliseduverdier/cellular-automata-go/app/renderer/text_renderer.go:8.67,25.35 4 1
github.com/eliseduverdier/cellular-automata-go/app/renderer/text_renderer.go:32.2,32.15 1 1
github.com/eliseduverdier/cellular-automata-go/app/renderer/text_renderer.go:25.35,26.39 1 1
github.com/eliseduverdier/cellular-automata-go/app/renderer/text_renderer.go:29.3,29.17 1 1
github.com/eliseduverdier/cellular-automata-go/app/renderer/text_renderer.go:26.39,28.4 1 1
github.com/eliseduverdier/cellular-automata-go/app/renderer/text_renderer.go:35.52,46.2 1 1
github.com/eliseduverdier/cellular-automata-go/app/app.go:13.50,24.23 2 1
github.com/eliseduverdier/cellular-automata-go/app/app.go:25.15,27.55 2 1
github.com/eliseduverdier/cellular-automata-go/app/app.go:28.14,30.12 2 1
github.com/eliseduverdier/cellular-automata-go/app/app.go:31.10,32.12 1 0
github.com/eliseduverdier/cellular-automata-go/app/app.go:36.54,48.2 2 1
github.com/eliseduverdier/cellular-automata-go/app/app.go:50.70,62.2 2 1
github.com/eliseduverdier/cellular-automata-go/app/app.go:64.28,68.2 3 1
github.com/eliseduverdier/cellular-automata-go/app/parameters/parameters.go:24.51,36.17 10 1
github.com/eliseduverdier/cellular-automata-go/app/parameters/parameters.go:39.2,39.16 1 1
github.com/eliseduverdier/cellular-automata-go/app/parameters/parameters.go:42.2,42.16 1 1
github.com/eliseduverdier/cellular-automata-go/app/parameters/parameters.go:45.2,45.17 1 1
github.com/eliseduverdier/cellular-automata-go/app/parameters/parameters.go:48.2,48.15 1 1
github.com/eliseduverdier/cellular-automata-go/app/parameters/parameters.go:55.2,56.23 2 1
github.com/eliseduverdier/cellular-automata-go/app/parameters/parameters.go:74.2,82.3 1 1
github.com/eliseduverdier/cellular-automata-go/app/parameters/parameters.go:36.17,38.3 1 1
github.com/eliseduverdier/cellular-automata-go/app/parameters/parameters.go:39.16,41.3 1 1
github.com/eliseduverdier/cellular-automata-go/app/parameters/parameters.go:42.16,44.3 1 1
github.com/eliseduverdier/cellular-automata-go/app/parameters/parameters.go:45.17,47.3 1 1
github.com/eliseduverdier/cellular-automata-go/app/parameters/parameters.go:48.15,51.3 2 1
github.com/eliseduverdier/cellular-automata-go/app/parameters/parameters.go:57.18,58.54 1 1
github.com/eliseduverdier/cellular-automata-go/app/parameters/parameters.go:59.15,60.55 1 0
github.com/eliseduverdier/cellular-automata-go/app/parameters/parameters.go:61.14,62.54 1 0
github.com/eliseduverdier/cellular-automata-go/app/parameters/parameters.go:63.10,64.29 1 1
github.com/eliseduverdier/cellular-automata-go/app/parameters/parameters.go:64.29,66.27 2 1
github.com/eliseduverdier/cellular-automata-go/app/parameters/parameters.go:66.27,68.5 1 1
github.com/eliseduverdier/cellular-automata-go/app/parameters/parameters.go:69.9,71.4 1 1
github.com/eliseduverdier/cellular-automata-go/main.go:7.13,9.2 1 0
github.com/eliseduverdier/cellular-automata-go/app/http/http.go:10.19,12.16 2 0
github.com/eliseduverdier/cellular-automata-go/app/http/http.go:16.2,26.16 7 0
github.com/eliseduverdier/cellular-automata-go/app/http/http.go:12.16,14.3 1 0
github.com/eliseduverdier/cellular-automata-go/app/http/http.go:26.16,27.13 1 0
github.com/eliseduverdier/cellular-automata-go/app/http/image.go:12.64,18.16 5 1
github.com/eliseduverdier/cellular-automata-go/app/http/image.go:18.16,19.39 1 0
github.com/eliseduverdier/cellular-automata-go/app/http/text.go:12.63,20.2 3 1
github.com/eliseduverdier/cellular-automata-go/app/http/favicon.go:13.60,31.16 7 1
github.com/eliseduverdier/cellular-automata-go/app/http/favicon.go:31.16,32.39 1 0
github.com/eliseduverdier/cellular-automata-go/app/http/homepage.go:17.63,25.16 6 0
github.com/eliseduverdier/cellular-automata-go/app/http/homepage.go:25.16,26.13 1 0
